#
# There is insufficient memory for the Java Runtime Environment to continue.
# Native memory allocation (mmap) failed to map 65011712 bytes. Error detail: G1 virtual space
# Possible reasons:
#   The system is out of physical RAM or swap space
#   This process is running with CompressedOops enabled, and the Java Heap may be blocking the growth of the native heap
# Possible solutions:
#   Reduce memory load on the system
#   Increase physical memory or swap space
#   Check if swap backing store is full
#   Decrease Java heap size (-Xmx/-Xms)
#   Decrease number of Java threads
#   Decrease Java thread stack sizes (-Xss)
#   Set larger code cache with -XX:ReservedCodeCacheSize=
#   JVM is running with Unscaled Compressed Oops mode in which the Java heap is
#     placed in the first 4GB address space. The Java Heap base address is the
#     maximum limit for the native heap growth. Please use -XX:HeapBaseMinAddress
#     to set the Java Heap base and to place the Java Heap above 4GB virtual address.
# This output file may be truncated or incomplete.
#
#  Out of Memory Error (os_windows.cpp:3766), pid=7800, tid=15920
#
# JRE version:  (25.0.2+1) (build )
# Java VM: OpenJDK 64-Bit Server VM (25.0.2+1-b329.117, mixed mode, sharing, tiered, compressed oops, compressed class ptrs, g1 gc, windows-amd64)
# No core dump will be written. Minidumps are not enabled by default on client versions of Windows
#

---------------  S U M M A R Y ------------

Command Line: git4idea.http.GitAskPassApp Username for 'https://github.com': 

Host: Intel(R) Core(TM) i5-3317U CPU @ 1.70GHz, 4 cores, 3G,  Windows 10 , 64 bit Build 19041 (10.0.19041.5915)
Time: Fri Jun  5 05:04:16 2026 Pacific Daylight Time elapsed time: 0.034382 seconds (0d 0h 0m 0s)

---------------  T H R E A D  ---------------

Current thread (0x000001fe0290ea50):  JavaThread "Unknown thread" [_thread_in_vm, id=15920, stack(0x000000eac2100000,0x000000eac2200000) (1024K)]

Stack: [0x000000eac2100000,0x000000eac2200000]
Native frames: (J=compiled Java code, j=interpreted, Vv=VM code, C=native code)
V  [jvm.dll+0x7c0cc9]  (no source info available)
V  [jvm.dll+0x78a49d]  (no source info available)
V  [jvm.dll+0xa0e693]  (no source info available)
V  [jvm.dll+0xa10e8c]  (no source info available)
V  [jvm.dll+0xa11583]  (no source info available)
V  [jvm.dll+0x307b46]  (no source info available)
V  [jvm.dll+0x7bced5]  (no source info available)
V  [jvm.dll+0x7afe97]  (no source info available)
V  [jvm.dll+0x40159e]  (no source info available)
V  [jvm.dll+0x4093bb]  (no source info available)
V  [jvm.dll+0x3f5bf9]  (no source info available)
V  [jvm.dll+0x3f5eab]  (no source info available)
V  [jvm.dll+0x3cc053]  (no source info available)
V  [jvm.dll+0x3cccbe]  (no source info available)
V  [jvm.dll+0x9d4a07]  (no source info available)
V  [jvm.dll+0x466ce2]  (no source info available)
V  [jvm.dll+0x9b8139]  (no source info available)
V  [jvm.dll+0x508a01]  (no source info available)
V  [jvm.dll+0x50a371]  (no source info available)
C  [jli.dll+0x541a]  (no source info available)
C  [ucrtbase.dll+0x21bb2]  (no source info available)
C  [KERNEL32.DLL+0x17374]  (no source info available)
C  [ntdll.dll+0x4cc91]  (no source info available)

Lock stack of current Java thread (top to bottom):


---------------  P R O C E S S  ---------------

Threads class SMR info:
_java_thread_list=0x00007ff88e229108, length=0, elements={
}

Java Threads: ( => current thread )
Total: 0

Other Threads:
  0x000001fe04c9e980 WorkerThread "GC Thread#0"                     [id=18164, stack(0x000000eac2200000,0x000000eac2300000) (1024K)]
  0x000001fe04cc8d80 ConcurrentGCThread "G1 Main Marker"            [id=18888, stack(0x000000eac2300000,0x000000eac2400000) (1024K)]
  0x000001fe04ccc740 WorkerThread "G1 Conc#0"                       [id=20944, stack(0x000000eac2400000,0x000000eac2500000) (1024K)]

[error occurred during error reporting (printing all threads), id 0xc0000005, EXCEPTION_ACCESS_VIOLATION (0xc0000005) at pc=0x00007ff88d840caa]
VM state: not at safepoint (not fully initialized)

VM Mutex/Monitor currently owned by a thread:  ([mutex/lock_event])
[0x00007ff88e2b1d10] Heap_lock - owner thread: 0x000001fe0290ea50

Heap address: 0x00000000c2000000, size: 992 MB, Compressed Oops mode: 32-bit

CDS archive(s) mapped at: [0x0000000000000000-0x0000000000000000-0x0000000000000000), size 0, SharedBaseAddress: 0x0000000800000000, ArchiveRelocationMode: 1.
UseCompressedClassPointers 1, UseCompactObjectHeaders 0
Narrow klass pointer bits 32, Max shift 3
Narrow klass base: 0xffffffffffffffff, Narrow klass shift: -1
Encoding Range: [0xffffffffffffffff - 0x000000007fffffff), (2147483648 bytes)
Klass Range:    [0x0000000000000000 - 0x0000000000000000), (0 bytes)
Klass ID Range:  [4294967295 - 0) (1)
No protection zone.

GC Precious Log:
 CardTable entry size: 512
 Card Set container configuration: InlinePtr #cards 5 size 8 Array Of Cards #cards 10 size 36 Howl #buckets 4 coarsen threshold 1843 Howl Bitmap #cards 512 size 80 coarsen threshold 460 Card regions per heap region 1 cards per card region 2048

Heap:
 garbage-first heap   total reserved 1015808K, committed 0K, used 0K [0x00000000c2000000, 0x0000000100000000)
  region size 1024K, 0 young (0K), 0 survivors (0K)

Heap Regions: E=young(eden), S=young(survivor), O=old, HS=humongous(starts), HC=humongous(continues), CS=collection set, F=free, TAMS=top-at-mark-start, PB=parsable bottom

Card table byte_map: [0x000001fe18260000,0x000001fe18450000] _byte_map_base: 0x000001fe17c50000

Marking Bits: (CMBitMap*) 0x000001fe04c9ef10
 Bits: [0x000001fe18450000, 0x000001fe193d0000)

GC Heap Usage History (0 events):
No events

Metaspace Usage History (0 events):
No events

Dll operation events (1 events):
Event: 0.025 Loaded shared library C:\Program Files\JetBrains\PyCharm 2026.1.1\jbr\bin\java.dll

Deoptimization events (0 events):
No events

Classes loaded (0 events):
No events

Classes unloaded (0 events):
No events

Classes redefined (0 events):
No events

Internal exceptions (0 events):
No events

VM Operations (0 events):
No events

Memory protections (0 events):
No events

Nmethod flushes (0 events):
No events

Events (0 events):
No events


Dynamic libraries:
0x00007ff6fd9a0000 - 0x00007ff6fd9aa000 	C:\Program Files\JetBrains\PyCharm 2026.1.1\jbr\bin\java.exe
0x00007ff8c80f0000 - 0x00007ff8c82e8000 	C:\Windows\SYSTEM32\ntdll.dll
0x00007ff8c6e50000 - 0x00007ff8c6f12000 	C:\Windows\System32\KERNEL32.DLL
0x00007ff8c5ab0000 - 0x00007ff8c5da6000 	C:\Windows\System32\KERNELBASE.dll
0x00007ff8c6010000 - 0x00007ff8c6110000 	C:\Windows\System32\ucrtbase.dll
0x00007ff8bf5c0000 - 0x00007ff8bf5de000 	C:\Program Files\JetBrains\PyCharm 2026.1.1\jbr\bin\VCRUNTIME140.dll
0x00007ff8a9720000 - 0x00007ff8a9737000 	C:\Program Files\JetBrains\PyCharm 2026.1.1\jbr\bin\jli.dll
0x00007ff8c7f00000 - 0x00007ff8c80a1000 	C:\Windows\System32\USER32.dll
0x00007ff8c5e80000 - 0x00007ff8c5ea2000 	C:\Windows\System32\win32u.dll
0x00007ff8c7ed0000 - 0x00007ff8c7efb000 	C:\Windows\System32\GDI32.dll
0x00007ff8aa1b0000 - 0x00007ff8aa44b000 	C:\Windows\WinSxS\amd64_microsoft.windows.common-controls_6595b64144ccf1df_6.0.19041.6456_none_60b8a6cb71f64256\COMCTL32.dll
0x00007ff8c7740000 - 0x00007ff8c77de000 	C:\Windows\System32\msvcrt.dll
0x00007ff8c5780000 - 0x00007ff8c5899000 	C:\Windows\System32\gdi32full.dll
0x00007ff8c5de0000 - 0x00007ff8c5e7d000 	C:\Windows\System32\msvcp_win.dll
0x00007ff8c6650000 - 0x00007ff8c667f000 	C:\Windows\System32\IMM32.DLL
0x00007ff8c2da0000 - 0x00007ff8c2dac000 	C:\Program Files\JetBrains\PyCharm 2026.1.1\jbr\bin\vcruntime140_1.dll
0x00007ff8aab20000 - 0x00007ff8aaba9000 	C:\Program Files\JetBrains\PyCharm 2026.1.1\jbr\bin\msvcp140.dll
0x00007ff88d460000 - 0x00007ff88e3b2000 	C:\Program Files\JetBrains\PyCharm 2026.1.1\jbr\bin\server\jvm.dll
0x00007ff8c6110000 - 0x00007ff8c61c1000 	C:\Windows\System32\ADVAPI32.dll
0x00007ff8c6db0000 - 0x00007ff8c6e4f000 	C:\Windows\System32\sechost.dll
0x00007ff8c79d0000 - 0x00007ff8c7af0000 	C:\Windows\System32\RPCRT4.dll
0x00007ff8c5db0000 - 0x00007ff8c5dd7000 	C:\Windows\System32\bcrypt.dll
0x00007ff8c7900000 - 0x00007ff8c796b000 	C:\Windows\System32\WS2_32.dll
0x00007ff8a9460000 - 0x00007ff8a9487000 	C:\Windows\SYSTEM32\WINMM.dll
0x00007ff8c55e0000 - 0x00007ff8c562b000 	C:\Windows\SYSTEM32\POWRPROF.dll
0x00007ff8b9240000 - 0x00007ff8b924a000 	C:\Windows\SYSTEM32\VERSION.dll
0x00007ff8c55c0000 - 0x00007ff8c55d2000 	C:\Windows\SYSTEM32\UMPDC.dll
0x00007ff8c35b0000 - 0x00007ff8c35c2000 	C:\Windows\SYSTEM32\kernel.appcore.dll
0x00007ff8c2d90000 - 0x00007ff8c2d9a000 	C:\Program Files\JetBrains\PyCharm 2026.1.1\jbr\bin\jimage.dll
0x00007ff8bbd60000 - 0x00007ff8bbf61000 	C:\Windows\SYSTEM32\DBGHELP.DLL
0x00007ff8bbba0000 - 0x00007ff8bbbd4000 	C:\Windows\SYSTEM32\dbgcore.DLL
0x00007ff8c5eb0000 - 0x00007ff8c5f32000 	C:\Windows\System32\bcryptPrimitives.dll
0x00007ff8bf220000 - 0x00007ff8bf23f000 	C:\Program Files\JetBrains\PyCharm 2026.1.1\jbr\bin\java.dll
0x00007ff8c6800000 - 0x00007ff8c692b000 	C:\Windows\System32\ole32.dll
0x00007ff8c7b70000 - 0x00007ff8c7ec4000 	C:\Windows\System32\combase.dll
0x00007ff8c6f20000 - 0x00007ff8c7690000 	C:\Windows\System32\SHELL32.dll

JVMTI agents: none

dbghelp: loaded successfully - version: 4.0.5 - missing functions: none
symbol engine: initialized successfully - sym options: 0x614 - pdb path: .;C:\Program Files\JetBrains\PyCharm 2026.1.1\jbr\bin;C:\Windows\SYSTEM32;C:\Windows\WinSxS\amd64_microsoft.windows.common-controls_6595b64144ccf1df_6.0.19041.6456_none_60b8a6cb71f64256;C:\Program Files\JetBrains\PyCharm 2026.1.1\jbr\bin\server

VM Arguments:
java_command: git4idea.http.GitAskPassApp Username for 'https://github.com': 
java_class_path (initial): C:/Program Files/JetBrains/PyCharm 2026.1.1/plugins/vcs-git/lib/git4idea-rt.jar;C:/Program Files/JetBrains/PyCharm 2026.1.1/lib/externalProcess-rt.jar
Launcher Type: SUN_STANDARD

[Global flags]
     intx CICompilerCount                          = 3                                         {product} {ergonomic}
     uint ConcGCThreads                            = 1                                         {product} {ergonomic}
     uint G1ConcRefinementThreads                  = 4                                         {product} {ergonomic}
   size_t G1HeapRegionSize                         = 1048576                                   {product} {ergonomic}
   size_t InitialHeapSize                          = 65011712                                  {product} {ergonomic}
   size_t MarkStackSize                            = 4194304                                   {product} {ergonomic}
   size_t MarkStackSizeMax                         = 536870912                                 {product} {ergonomic}
   size_t MaxHeapSize                              = 1040187392                                {product} {ergonomic}
   size_t MinHeapDeltaBytes                        = 1048576                                   {product} {ergonomic}
   size_t MinHeapSize                              = 8388608                                   {product} {ergonomic}
    uintx NonNMethodCodeHeapSize                   = 5832704                                {pd product} {ergonomic}
    uintx NonProfiledCodeHeapSize                  = 122945536                              {pd product} {ergonomic}
    uintx ProfiledCodeHeapSize                     = 122880000                              {pd product} {ergonomic}
    uintx ReservedCodeCacheSize                    = 251658240                              {pd product} {ergonomic}
     bool SegmentedCodeCache                       = true                                      {product} {ergonomic}
   size_t SoftMaxHeapSize                          = 1040187392                             {manageable} {ergonomic}
     bool UseCompressedOops                        = true                           {product lp64_product} {ergonomic}
     bool UseG1GC                                  = true                                      {product} {ergonomic}
     bool UseLargePagesIndividualAllocation        = false                                  {pd product} {ergonomic}

Logging:
Log output configuration:
 #0: stdout all=warning uptime,level,tags foldmultilines=false
 #1: stderr all=off uptime,level,tags foldmultilines=false

Release file:
<release file has not been read>
Environment Variables:
PATH=C:/Program Files/Git/mingw64/libexec/git-core;C:/Program Files/Git/mingw64/libexec/git-core;C:\Program Files\Git\mingw64\bin;C:\Program Files\Git\usr\bin;C:\Users\Dell\bin;C:\Windows\system32;C:\Windows;C:\Windows\System32\Wbem;C:\Windows\System32\WindowsPowerShell\v1.0\;C:\Windows\System32\OpenSSH\;C:\Program Files\Git\cmd;C:\Program Files\Docker\Docker\resources\bin;C:\Users\Dell\AppData\Local\Programs\Python\Launcher\;C:\Users\Dell\AppData\Local\Microsoft\WindowsApps
USERNAME=Dell
DISPLAY=:0.0
LC_ALL=en_US.UTF-8
TERM=xterm-256color
TMPDIR=C:\Users\Dell\AppData\Local\Temp
OS=Windows_NT
PROCESSOR_IDENTIFIER=Intel64 Family 6 Model 58 Stepping 9, GenuineIntel
TMP=C:\Users\Dell\AppData\Local\Temp
TEMP=C:\Users\Dell\AppData\Local\Temp




Compilation memory statistics disabled.

Periodic native trim disabled

JNI global refs:
JNI global refs: 0, weak refs: 0

JNI global refs memory usage: 0, weak refs: 0

Process memory usage:
Resident Set Size: 11640K (0% of 4060440K total physical memory with 298624K free physical memory)

OOME stack traces (most recent first):
Classloader memory used:

---------------  S Y S T E M  ---------------

OS:
 Windows 10 , 64 bit Build 19041 (10.0.19041.5915)
OS uptime: 12 days 1:07 hours
Hyper-V role detected

CPU: total 4 (initial active 4) (2 cores per cpu, 2 threads per core) family 6 model 58 stepping 9 microcode 0x21, cx8, cmov, fxsr, ht, mmx, sse, sse2, sse3, ssse3, sse4.1, sse4.2, popcnt, tsc, tscinvbit, avx, aes, erms, clmul, vzeroupper, clflush, hv, rdtscp, f16c
Processor Information for the first 4 processors :
  Max Mhz: 1701, Current Mhz: 1701, Mhz Limit: 1701

Memory: 4k page, system-wide physical 3965M (291M free)
TotalPageFile size 16253M (AvailPageFile size 11M)
current process WorkingSet (physical memory assigned to process): 11M, peak: 11M
current process commit charge ("private bytes"): 52M, peak: 114M

vm_info: OpenJDK 64-Bit Server VM (25.0.2+1-b329.117) for windows-amd64 JRE (25.0.2+1-b329.117), built on 2026-04-20 with MS VC++ 17.14 (VS2022)

END.
